2008.02.14 10:37 B C:\Documents and Settings\jreimann\Desktop\EJ-JumpDomain Sites\highway-robbery\public_html\lands\16_JPG.jpg <-- Highway Robbery /public_html/lands 16_JPG.jpg
2008.02.14 10:37 B C:\Documents and Settings\jreimann\Desktop\EJ-JumpDomain Sites\highway-robbery\public_html\lands\alaska.htm <-- Highway Robbery /public_html/lands alaska.htm
2008.02.14 10:37 B C:\Documents and Settings\jreimann\Desktop\EJ-JumpDomain Sites\highway-robbery\public_html\lands\Califo1.jpg <-- Highway Robbery /public_html/lands Califo1.jpg
2008.02.14 10:37 B C:\Documents and Settings\jreimann\Desktop\EJ-JumpDomain Sites\highway-robbery\public_html\lands\california.htm <-- Highway Robbery /public_html/lands california.htm
2008.02.14 10:38 B C:\Documents and Settings\jreimann\Desktop\EJ-JumpDomain Sites\highway-robbery\public_html\lands\California1.htm <-- Highway Robbery /public_html/lands California1.htm
2008.02.14 10:38 B C:\Documents and Settings\jreimann\Desktop\EJ-JumpDomain Sites\highway-robbery\public_html\lands\California2.htm <-- Highway Robbery /public_html/lands California2.htm
2008.02.14 10:38 B C:\Documents and Settings\jreimann\Desktop\EJ-JumpDomain Sites\highway-robbery\public_html\lands\California3.htm <-- Highway Robbery /public_html/lands California3.htm
2008.02.14 10:38 B C:\Documents and Settings\jreimann\Desktop\EJ-JumpDomain Sites\highway-robbery\public_html\lands\colorado.htm <-- Highway Robbery /public_html/lands colorado.htm
2008.02.14 10:38 B C:\Documents and Settings\jreimann\Desktop\EJ-JumpDomain Sites\highway-robbery\public_html\lands\colorado1.htm <-- Highway Robbery /public_html/lands colorado1.htm
2008.02.14 10:38 B C:\Documents and Settings\jreimann\Desktop\EJ-JumpDomain Sites\highway-robbery\public_html\lands\colorado2.htm <-- Highway Robbery /public_html/lands colorado2.htm
2008.02.14 10:38 B C:\Documents and Settings\jreimann\Desktop\EJ-JumpDomain Sites\highway-robbery\public_html\lands\Horse_Valley_route_sagebrush_small.JPG <-- Highway Robbery /public_html/lands Horse_Valley_route_sagebrush_small.JPG
2008.02.14 10:38 B C:\Documents and Settings\jreimann\Desktop\EJ-JumpDomain Sites\highway-robbery\public_html\lands\idaho.htm <-- Highway Robbery /public_html/lands idaho.htm
2008.02.14 10:38 B C:\Documents and Settings\jreimann\Desktop\EJ-JumpDomain Sites\highway-robbery\public_html\lands\index.htm <-- Highway Robbery /public_html/lands index.htm
2008.02.14 10:38 B C:\Documents and Settings\jreimann\Desktop\EJ-JumpDomain Sites\highway-robbery\public_html\lands\misc_UT_GSENM_KaneCounty_K7230.jpg <-- Highway Robbery /public_html/lands misc_UT_GSENM_KaneCounty_K7230.jpg
2008.02.14 10:38 B C:\Documents and Settings\jreimann\Desktop\EJ-JumpDomain Sites\highway-robbery\public_html\lands\misc_UT_GSENM_KaneCounty_K7300_typicalstreamcrossing.jpg <-- Highway Robbery /public_html/lands misc_UT_GSENM_KaneCounty_K7300_typicalstreamcrossing.jpg
2008.02.14 10:38 B C:\Documents and Settings\jreimann\Desktop\EJ-JumpDomain Sites\highway-robbery\public_html\lands\misc_UT_GSENM_KaneCounty_K7510.jpg <-- Highway Robbery /public_html/lands misc_UT_GSENM_KaneCounty_K7510.jpg
2008.02.14 10:38 B C:\Documents and Settings\jreimann\Desktop\EJ-JumpDomain Sites\highway-robbery\public_html\lands\misc_UT_GSENM_KaneCounty_K8450.jpg <-- Highway Robbery /public_html/lands misc_UT_GSENM_KaneCounty_K8450.jpg
2008.02.14 10:38 B C:\Documents and Settings\jreimann\Desktop\EJ-JumpDomain Sites\highway-robbery\public_html\lands\misc_UT_GSENM_KaneCounty_K9275.jpg <-- Highway Robbery /public_html/lands misc_UT_GSENM_KaneCounty_K9275.jpg
2008.02.14 10:38 B C:\Documents and Settings\jreimann\Desktop\EJ-JumpDomain Sites\highway-robbery\public_html\lands\misc_UT_GSENM_PariaRiver_SUWA.jpg <-- Highway Robbery /public_html/lands misc_UT_GSENM_PariaRiver_SUWA.jpg
2008.02.14 10:38 B C:\Documents and Settings\jreimann\Desktop\EJ-JumpDomain Sites\highway-robbery\public_html\lands\montana.htm <-- Highway Robbery /public_html/lands montana.htm
2008.02.14 10:38 B C:\Documents and Settings\jreimann\Desktop\EJ-JumpDomain Sites\highway-robbery\public_html\lands\nevada.htm <-- Highway Robbery /public_html/lands nevada.htm
2008.02.14 10:38 B C:\Documents and Settings\jreimann\Desktop\EJ-JumpDomain Sites\highway-robbery\public_html\lands\newmexico.htm <-- Highway Robbery /public_html/lands newmexico.htm
2008.02.14 10:38 B C:\Documents and Settings\jreimann\Desktop\EJ-JumpDomain Sites\highway-robbery\public_html\lands\northdakota.htm <-- Highway Robbery /public_html/lands northdakota.htm
2008.02.14 10:38 B C:\Documents and Settings\jreimann\Desktop\EJ-JumpDomain Sites\highway-robbery\public_html\lands\oregon.htm <-- Highway Robbery /public_html/lands oregon.htm
2008.02.14 10:38 B C:\Documents and Settings\jreimann\Desktop\EJ-JumpDomain Sites\highway-robbery\public_html\lands\Snake_Pass_small.jpg <-- Highway Robbery /public_html/lands Snake_Pass_small.jpg
2008.02.14 10:38 B C:\Documents and Settings\jreimann\Desktop\EJ-JumpDomain Sites\highway-robbery\public_html\lands\utah.htm <-- Highway Robbery /public_html/lands utah.htm
2008.02.14 10:38 B C:\Documents and Settings\jreimann\Desktop\EJ-JumpDomain Sites\highway-robbery\public_html\lands\utah1.htm <-- Highway Robbery /public_html/lands utah1.htm
2008.02.14 10:38 B C:\Documents and Settings\jreimann\Desktop\EJ-JumpDomain Sites\highway-robbery\public_html\lands\utah10.htm <-- Highway Robbery /public_html/lands utah10.htm
2008.02.14 10:38 B C:\Documents and Settings\jreimann\Desktop\EJ-JumpDomain Sites\highway-robbery\public_html\lands\utah11.htm <-- Highway Robbery /public_html/lands utah11.htm
2008.02.14 10:38 B C:\Documents and Settings\jreimann\Desktop\EJ-JumpDomain Sites\highway-robbery\public_html\lands\utah12.htm <-- Highway Robbery /public_html/lands utah12.htm
2008.02.14 10:38 B C:\Documents and Settings\jreimann\Desktop\EJ-JumpDomain Sites\highway-robbery\public_html\lands\utah13.htm <-- Highway Robbery /public_html/lands utah13.htm
2008.02.14 10:38 B C:\Documents and Settings\jreimann\Desktop\EJ-JumpDomain Sites\highway-robbery\public_html\lands\utah131.jpg <-- Highway Robbery /public_html/lands utah131.jpg
2008.02.14 10:38 B C:\Documents and Settings\jreimann\Desktop\EJ-JumpDomain Sites\highway-robbery\public_html\lands\utah132.jpg <-- Highway Robbery /public_html/lands utah132.jpg
2008.02.14 10:38 B C:\Documents and Settings\jreimann\Desktop\EJ-JumpDomain Sites\highway-robbery\public_html\lands\utah133.jpg <-- Highway Robbery /public_html/lands utah133.jpg
2008.02.14 10:38 B C:\Documents and Settings\jreimann\Desktop\EJ-JumpDomain Sites\highway-robbery\public_html\lands\utah2.htm <-- Highway Robbery /public_html/lands utah2.htm
2008.02.14 10:38 B C:\Documents and Settings\jreimann\Desktop\EJ-JumpDomain Sites\highway-robbery\public_html\lands\utah3.htm <-- Highway Robbery /public_html/lands utah3.htm
2008.02.14 10:38 B C:\Documents and Settings\jreimann\Desktop\EJ-JumpDomain Sites\highway-robbery\public_html\lands\utah4.htm <-- Highway Robbery /public_html/lands utah4.htm
2008.02.14 10:38 B C:\Documents and Settings\jreimann\Desktop\EJ-JumpDomain Sites\highway-robbery\public_html\lands\utah5.htm <-- Highway Robbery /public_html/lands utah5.htm
2008.02.14 10:38 B C:\Documents and Settings\jreimann\Desktop\EJ-JumpDomain Sites\highway-robbery\public_html\lands\utah6.htm <-- Highway Robbery /public_html/lands utah6.htm
2008.02.14 10:38 B C:\Documents and Settings\jreimann\Desktop\EJ-JumpDomain Sites\highway-robbery\public_html\lands\utah7.htm <-- Highway Robbery /public_html/lands utah7.htm
2008.02.14 10:38 B C:\Documents and Settings\jreimann\Desktop\EJ-JumpDomain Sites\highway-robbery\public_html\lands\utah8.htm <-- Highway Robbery /public_html/lands utah8.htm
2008.02.14 10:38 B C:\Documents and Settings\jreimann\Desktop\EJ-JumpDomain Sites\highway-robbery\public_html\lands\utah81.htm <-- Highway Robbery /public_html/lands utah81.htm
2008.02.14 10:38 B C:\Documents and Settings\jreimann\Desktop\EJ-JumpDomain Sites\highway-robbery\public_html\lands\utah8draft.htm <-- Highway Robbery /public_html/lands utah8draft.htm
2008.02.14 10:38 B C:\Documents and Settings\jreimann\Desktop\EJ-JumpDomain Sites\highway-robbery\public_html\lands\utah9.htm <-- Highway Robbery /public_html/lands utah9.htm
2008.02.14 10:38 B C:\Documents and Settings\jreimann\Desktop\EJ-JumpDomain Sites\highway-robbery\public_html\lands\Waypoint_09_East_5-6-05_small.jpg <-- Highway Robbery /public_html/lands Waypoint_09_East_5-6-05_small.jpg
2008.02.14 10:38 B C:\Documents and Settings\jreimann\Desktop\EJ-JumpDomain Sites\highway-robbery\public_html\lands\Waypoint_17_east_5-6-05_small.jpg <-- Highway Robbery /public_html/lands Waypoint_17_east_5-6-05_small.jpg
2008.02.14 10:38 B C:\Documents and Settings\jreimann\Desktop\EJ-JumpDomain Sites\highway-robbery\public_html\lands\Waypoint_36_ENE_5-7-05_small.jpg <-- Highway Robbery /public_html/lands Waypoint_36_ENE_5-7-05_small.jpg
2008.02.14 10:38 B C:\Documents and Settings\jreimann\Desktop\EJ-JumpDomain Sites\highway-robbery\public_html\lands\Waypoint_43_SSW_5-7-05_small.jpg <-- Highway Robbery /public_html/lands Waypoint_43_SSW_5-7-05_small.jpg
2008.02.14 10:38 B C:\Documents and Settings\jreimann\Desktop\EJ-JumpDomain Sites\highway-robbery\public_html\lands\WH_4.23.05_kane sign off HOTR.jpg <-- Highway Robbery /public_html/lands WH_4.23.05_kane sign off HOTR.jpg
2008.02.14 10:38 B C:\Documents and Settings\jreimann\Desktop\EJ-JumpDomain Sites\highway-robbery\public_html\lands\wyoming.htm <-- Highway Robbery /public_html/lands wyoming.htm
