2008.02.14 09:53 B C:\Documents and Settings\jreimann\Desktop\EJ-JumpDomain Sites\highway-robbery\public_html\documents\2006 Salt Creek Trip Slide Show\images\100_1180.jpg <-- Highway Robbery /public_html/documents/2006 Salt Creek Trip Slide Show/images 100_1180.jpg
2008.02.14 09:53 B C:\Documents and Settings\jreimann\Desktop\EJ-JumpDomain Sites\highway-robbery\public_html\documents\2006 Salt Creek Trip Slide Show\images\100_1181.jpg <-- Highway Robbery /public_html/documents/2006 Salt Creek Trip Slide Show/images 100_1181.jpg
2008.02.14 09:53 B C:\Documents and Settings\jreimann\Desktop\EJ-JumpDomain Sites\highway-robbery\public_html\documents\2006 Salt Creek Trip Slide Show\images\100_1182.jpg <-- Highway Robbery /public_html/documents/2006 Salt Creek Trip Slide Show/images 100_1182.jpg
2008.02.14 09:53 B C:\Documents and Settings\jreimann\Desktop\EJ-JumpDomain Sites\highway-robbery\public_html\documents\2006 Salt Creek Trip Slide Show\images\100_1183.jpg <-- Highway Robbery /public_html/documents/2006 Salt Creek Trip Slide Show/images 100_1183.jpg
2008.02.14 09:53 B C:\Documents and Settings\jreimann\Desktop\EJ-JumpDomain Sites\highway-robbery\public_html\documents\2006 Salt Creek Trip Slide Show\images\100_1186.jpg <-- Highway Robbery /public_html/documents/2006 Salt Creek Trip Slide Show/images 100_1186.jpg
2008.02.14 09:53 B C:\Documents and Settings\jreimann\Desktop\EJ-JumpDomain Sites\highway-robbery\public_html\documents\2006 Salt Creek Trip Slide Show\images\100_1187.jpg <-- Highway Robbery /public_html/documents/2006 Salt Creek Trip Slide Show/images 100_1187.jpg
2008.02.14 09:53 B C:\Documents and Settings\jreimann\Desktop\EJ-JumpDomain Sites\highway-robbery\public_html\documents\2006 Salt Creek Trip Slide Show\images\100_1188.jpg <-- Highway Robbery /public_html/documents/2006 Salt Creek Trip Slide Show/images 100_1188.jpg
2008.02.14 09:53 B C:\Documents and Settings\jreimann\Desktop\EJ-JumpDomain Sites\highway-robbery\public_html\documents\2006 Salt Creek Trip Slide Show\images\100_1190.jpg <-- Highway Robbery /public_html/documents/2006 Salt Creek Trip Slide Show/images 100_1190.jpg
2008.02.14 09:53 B C:\Documents and Settings\jreimann\Desktop\EJ-JumpDomain Sites\highway-robbery\public_html\documents\2006 Salt Creek Trip Slide Show\images\100_1192.jpg <-- Highway Robbery /public_html/documents/2006 Salt Creek Trip Slide Show/images 100_1192.jpg
2008.02.14 09:53 B C:\Documents and Settings\jreimann\Desktop\EJ-JumpDomain Sites\highway-robbery\public_html\documents\2006 Salt Creek Trip Slide Show\images\100_1193.jpg <-- Highway Robbery /public_html/documents/2006 Salt Creek Trip Slide Show/images 100_1193.jpg
2008.02.14 09:53 B C:\Documents and Settings\jreimann\Desktop\EJ-JumpDomain Sites\highway-robbery\public_html\documents\2006 Salt Creek Trip Slide Show\images\100_1194.jpg <-- Highway Robbery /public_html/documents/2006 Salt Creek Trip Slide Show/images 100_1194.jpg
2008.02.14 09:54 B C:\Documents and Settings\jreimann\Desktop\EJ-JumpDomain Sites\highway-robbery\public_html\documents\2006 Salt Creek Trip Slide Show\images\100_1195.jpg <-- Highway Robbery /public_html/documents/2006 Salt Creek Trip Slide Show/images 100_1195.jpg
2008.02.14 09:54 B C:\Documents and Settings\jreimann\Desktop\EJ-JumpDomain Sites\highway-robbery\public_html\documents\2006 Salt Creek Trip Slide Show\images\100_1201.jpg <-- Highway Robbery /public_html/documents/2006 Salt Creek Trip Slide Show/images 100_1201.jpg
2008.02.14 09:54 B C:\Documents and Settings\jreimann\Desktop\EJ-JumpDomain Sites\highway-robbery\public_html\documents\2006 Salt Creek Trip Slide Show\images\100_1203.jpg <-- Highway Robbery /public_html/documents/2006 Salt Creek Trip Slide Show/images 100_1203.jpg
2008.02.14 09:54 B C:\Documents and Settings\jreimann\Desktop\EJ-JumpDomain Sites\highway-robbery\public_html\documents\2006 Salt Creek Trip Slide Show\images\100_1209.jpg <-- Highway Robbery /public_html/documents/2006 Salt Creek Trip Slide Show/images 100_1209.jpg
2008.02.14 09:54 B C:\Documents and Settings\jreimann\Desktop\EJ-JumpDomain Sites\highway-robbery\public_html\documents\2006 Salt Creek Trip Slide Show\images\100_1211.jpg <-- Highway Robbery /public_html/documents/2006 Salt Creek Trip Slide Show/images 100_1211.jpg
2008.02.14 09:54 B C:\Documents and Settings\jreimann\Desktop\EJ-JumpDomain Sites\highway-robbery\public_html\documents\2006 Salt Creek Trip Slide Show\images\100_1217.jpg <-- Highway Robbery /public_html/documents/2006 Salt Creek Trip Slide Show/images 100_1217.jpg
2008.02.14 09:54 B C:\Documents and Settings\jreimann\Desktop\EJ-JumpDomain Sites\highway-robbery\public_html\documents\2006 Salt Creek Trip Slide Show\images\100_1224.jpg <-- Highway Robbery /public_html/documents/2006 Salt Creek Trip Slide Show/images 100_1224.jpg
2008.02.14 09:54 B C:\Documents and Settings\jreimann\Desktop\EJ-JumpDomain Sites\highway-robbery\public_html\documents\2006 Salt Creek Trip Slide Show\images\100_1225.jpg <-- Highway Robbery /public_html/documents/2006 Salt Creek Trip Slide Show/images 100_1225.jpg
2008.02.14 09:54 B C:\Documents and Settings\jreimann\Desktop\EJ-JumpDomain Sites\highway-robbery\public_html\documents\2006 Salt Creek Trip Slide Show\images\100_1227.jpg <-- Highway Robbery /public_html/documents/2006 Salt Creek Trip Slide Show/images 100_1227.jpg
2008.02.14 10:29 B C:\Documents and Settings\jreimann\Desktop\EJ-JumpDomain Sites\highway-robbery\public_html\documents\2006 Salt Creek Trip Slide Show\images\100_1232.jpg <-- Highway Robbery /public_html/documents/2006 Salt Creek Trip Slide Show/images 100_1232.jpg
2008.02.14 10:29 B C:\Documents and Settings\jreimann\Desktop\EJ-JumpDomain Sites\highway-robbery\public_html\documents\2006 Salt Creek Trip Slide Show\images\100_1234.jpg <-- Highway Robbery /public_html/documents/2006 Salt Creek Trip Slide Show/images 100_1234.jpg
2008.02.14 10:29 B C:\Documents and Settings\jreimann\Desktop\EJ-JumpDomain Sites\highway-robbery\public_html\documents\2006 Salt Creek Trip Slide Show\images\100_1236.jpg <-- Highway Robbery /public_html/documents/2006 Salt Creek Trip Slide Show/images 100_1236.jpg
2008.02.14 10:29 B C:\Documents and Settings\jreimann\Desktop\EJ-JumpDomain Sites\highway-robbery\public_html\documents\2006 Salt Creek Trip Slide Show\images\100_1236a.jpg <-- Highway Robbery /public_html/documents/2006 Salt Creek Trip Slide Show/images 100_1236a.jpg
2008.02.14 10:29 B C:\Documents and Settings\jreimann\Desktop\EJ-JumpDomain Sites\highway-robbery\public_html\documents\2006 Salt Creek Trip Slide Show\images\100_1237.jpg <-- Highway Robbery /public_html/documents/2006 Salt Creek Trip Slide Show/images 100_1237.jpg
2008.02.14 10:29 B C:\Documents and Settings\jreimann\Desktop\EJ-JumpDomain Sites\highway-robbery\public_html\documents\2006 Salt Creek Trip Slide Show\images\100_1239.jpg <-- Highway Robbery /public_html/documents/2006 Salt Creek Trip Slide Show/images 100_1239.jpg
2008.02.14 10:29 B C:\Documents and Settings\jreimann\Desktop\EJ-JumpDomain Sites\highway-robbery\public_html\documents\2006 Salt Creek Trip Slide Show\images\100_1258.jpg <-- Highway Robbery /public_html/documents/2006 Salt Creek Trip Slide Show/images 100_1258.jpg
2008.02.14 10:29 B C:\Documents and Settings\jreimann\Desktop\EJ-JumpDomain Sites\highway-robbery\public_html\documents\2006 Salt Creek Trip Slide Show\images\100_1262.jpg <-- Highway Robbery /public_html/documents/2006 Salt Creek Trip Slide Show/images 100_1262.jpg
2008.02.14 10:29 B C:\Documents and Settings\jreimann\Desktop\EJ-JumpDomain Sites\highway-robbery\public_html\documents\2006 Salt Creek Trip Slide Show\images\100_1266.jpg <-- Highway Robbery /public_html/documents/2006 Salt Creek Trip Slide Show/images 100_1266.jpg
2008.02.14 10:29 B C:\Documents and Settings\jreimann\Desktop\EJ-JumpDomain Sites\highway-robbery\public_html\documents\2006 Salt Creek Trip Slide Show\images\100_1267.jpg <-- Highway Robbery /public_html/documents/2006 Salt Creek Trip Slide Show/images 100_1267.jpg
2008.02.14 10:29 B C:\Documents and Settings\jreimann\Desktop\EJ-JumpDomain Sites\highway-robbery\public_html\documents\2006 Salt Creek Trip Slide Show\images\100_1269.jpg <-- Highway Robbery /public_html/documents/2006 Salt Creek Trip Slide Show/images 100_1269.jpg
2008.02.14 10:29 B C:\Documents and Settings\jreimann\Desktop\EJ-JumpDomain Sites\highway-robbery\public_html\documents\2006 Salt Creek Trip Slide Show\images\100_1270.jpg <-- Highway Robbery /public_html/documents/2006 Salt Creek Trip Slide Show/images 100_1270.jpg
2008.02.14 10:29 B C:\Documents and Settings\jreimann\Desktop\EJ-JumpDomain Sites\highway-robbery\public_html\documents\2006 Salt Creek Trip Slide Show\images\100_1272.jpg <-- Highway Robbery /public_html/documents/2006 Salt Creek Trip Slide Show/images 100_1272.jpg
2008.02.14 10:29 B C:\Documents and Settings\jreimann\Desktop\EJ-JumpDomain Sites\highway-robbery\public_html\documents\2006 Salt Creek Trip Slide Show\images\100_1277.jpg <-- Highway Robbery /public_html/documents/2006 Salt Creek Trip Slide Show/images 100_1277.jpg
2008.02.14 10:29 B C:\Documents and Settings\jreimann\Desktop\EJ-JumpDomain Sites\highway-robbery\public_html\documents\2006 Salt Creek Trip Slide Show\images\100_1279.jpg <-- Highway Robbery /public_html/documents/2006 Salt Creek Trip Slide Show/images 100_1279.jpg
2008.02.14 10:29 B C:\Documents and Settings\jreimann\Desktop\EJ-JumpDomain Sites\highway-robbery\public_html\documents\2006 Salt Creek Trip Slide Show\images\classic_back_button.gif <-- Highway Robbery /public_html/documents/2006 Salt Creek Trip Slide Show/images classic_back_button.gif
2008.02.14 10:29 B C:\Documents and Settings\jreimann\Desktop\EJ-JumpDomain Sites\highway-robbery\public_html\documents\2006 Salt Creek Trip Slide Show\images\classic_bottom_background.gif <-- Highway Robbery /public_html/documents/2006 Salt Creek Trip Slide Show/images classic_bottom_background.gif
2008.02.14 10:29 B C:\Documents and Settings\jreimann\Desktop\EJ-JumpDomain Sites\highway-robbery\public_html\documents\2006 Salt Creek Trip Slide Show\images\classic_bottom_left.gif <-- Highway Robbery /public_html/documents/2006 Salt Creek Trip Slide Show/images classic_bottom_left.gif
2008.02.14 10:29 B C:\Documents and Settings\jreimann\Desktop\EJ-JumpDomain Sites\highway-robbery\public_html\documents\2006 Salt Creek Trip Slide Show\images\classic_bottom_right.gif <-- Highway Robbery /public_html/documents/2006 Salt Creek Trip Slide Show/images classic_bottom_right.gif
2008.02.14 10:29 B C:\Documents and Settings\jreimann\Desktop\EJ-JumpDomain Sites\highway-robbery\public_html\documents\2006 Salt Creek Trip Slide Show\images\classic_inside_bottom_bckgr.gif <-- Highway Robbery /public_html/documents/2006 Salt Creek Trip Slide Show/images classic_inside_bottom_bckgr.gif
2008.02.14 10:29 B C:\Documents and Settings\jreimann\Desktop\EJ-JumpDomain Sites\highway-robbery\public_html\documents\2006 Salt Creek Trip Slide Show\images\classic_inside_bottom_left.gif <-- Highway Robbery /public_html/documents/2006 Salt Creek Trip Slide Show/images classic_inside_bottom_left.gif
2008.02.14 10:29 B C:\Documents and Settings\jreimann\Desktop\EJ-JumpDomain Sites\highway-robbery\public_html\documents\2006 Salt Creek Trip Slide Show\images\classic_inside_bottom_right.gif <-- Highway Robbery /public_html/documents/2006 Salt Creek Trip Slide Show/images classic_inside_bottom_right.gif
2008.02.14 10:29 B C:\Documents and Settings\jreimann\Desktop\EJ-JumpDomain Sites\highway-robbery\public_html\documents\2006 Salt Creek Trip Slide Show\images\classic_inside_left_bckgrnd.gif <-- Highway Robbery /public_html/documents/2006 Salt Creek Trip Slide Show/images classic_inside_left_bckgrnd.gif
2008.02.14 10:29 B C:\Documents and Settings\jreimann\Desktop\EJ-JumpDomain Sites\highway-robbery\public_html\documents\2006 Salt Creek Trip Slide Show\images\classic_inside_right_bckgrn.gif <-- Highway Robbery /public_html/documents/2006 Salt Creek Trip Slide Show/images classic_inside_right_bckgrn.gif
2008.02.14 10:29 B C:\Documents and Settings\jreimann\Desktop\EJ-JumpDomain Sites\highway-robbery\public_html\documents\2006 Salt Creek Trip Slide Show\images\classic_inside_top_bckgrnd.gif <-- Highway Robbery /public_html/documents/2006 Salt Creek Trip Slide Show/images classic_inside_top_bckgrnd.gif
2008.02.14 10:29 B C:\Documents and Settings\jreimann\Desktop\EJ-JumpDomain Sites\highway-robbery\public_html\documents\2006 Salt Creek Trip Slide Show\images\classic_inside_top_left.gif <-- Highway Robbery /public_html/documents/2006 Salt Creek Trip Slide Show/images classic_inside_top_left.gif
2008.02.14 10:29 B C:\Documents and Settings\jreimann\Desktop\EJ-JumpDomain Sites\highway-robbery\public_html\documents\2006 Salt Creek Trip Slide Show\images\classic_inside_top_right.gif <-- Highway Robbery /public_html/documents/2006 Salt Creek Trip Slide Show/images classic_inside_top_right.gif
2008.02.14 10:29 B C:\Documents and Settings\jreimann\Desktop\EJ-JumpDomain Sites\highway-robbery\public_html\documents\2006 Salt Creek Trip Slide Show\images\classic_left_.gif <-- Highway Robbery /public_html/documents/2006 Salt Creek Trip Slide Show/images classic_left_.gif
2008.02.14 10:29 B C:\Documents and Settings\jreimann\Desktop\EJ-JumpDomain Sites\highway-robbery\public_html\documents\2006 Salt Creek Trip Slide Show\images\classic_left_background.gif <-- Highway Robbery /public_html/documents/2006 Salt Creek Trip Slide Show/images classic_left_background.gif
2008.02.14 10:29 B C:\Documents and Settings\jreimann\Desktop\EJ-JumpDomain Sites\highway-robbery\public_html\documents\2006 Salt Creek Trip Slide Show\images\classic_next_button.gif <-- Highway Robbery /public_html/documents/2006 Salt Creek Trip Slide Show/images classic_next_button.gif
2008.02.14 10:29 B C:\Documents and Settings\jreimann\Desktop\EJ-JumpDomain Sites\highway-robbery\public_html\documents\2006 Salt Creek Trip Slide Show\images\classic_right_background.gif <-- Highway Robbery /public_html/documents/2006 Salt Creek Trip Slide Show/images classic_right_background.gif
2008.02.14 10:29 B C:\Documents and Settings\jreimann\Desktop\EJ-JumpDomain Sites\highway-robbery\public_html\documents\2006 Salt Creek Trip Slide Show\images\classic_t_bottom.gif <-- Highway Robbery /public_html/documents/2006 Salt Creek Trip Slide Show/images classic_t_bottom.gif
2008.02.14 10:29 B C:\Documents and Settings\jreimann\Desktop\EJ-JumpDomain Sites\highway-robbery\public_html\documents\2006 Salt Creek Trip Slide Show\images\classic_t_bottom_bckgrnd.gif <-- Highway Robbery /public_html/documents/2006 Salt Creek Trip Slide Show/images classic_t_bottom_bckgrnd.gif
2008.02.14 10:29 B C:\Documents and Settings\jreimann\Desktop\EJ-JumpDomain Sites\highway-robbery\public_html\documents\2006 Salt Creek Trip Slide Show\images\classic_t_bottom_left.gif <-- Highway Robbery /public_html/documents/2006 Salt Creek Trip Slide Show/images classic_t_bottom_left.gif
2008.02.14 10:29 B C:\Documents and Settings\jreimann\Desktop\EJ-JumpDomain Sites\highway-robbery\public_html\documents\2006 Salt Creek Trip Slide Show\images\classic_t_bottom_right.gif <-- Highway Robbery /public_html/documents/2006 Salt Creek Trip Slide Show/images classic_t_bottom_right.gif
2008.02.14 10:29 B C:\Documents and Settings\jreimann\Desktop\EJ-JumpDomain Sites\highway-robbery\public_html\documents\2006 Salt Creek Trip Slide Show\images\classic_t_left_bckgrnd.gif <-- Highway Robbery /public_html/documents/2006 Salt Creek Trip Slide Show/images classic_t_left_bckgrnd.gif
2008.02.14 10:29 B C:\Documents and Settings\jreimann\Desktop\EJ-JumpDomain Sites\highway-robbery\public_html\documents\2006 Salt Creek Trip Slide Show\images\classic_t_right.gif <-- Highway Robbery /public_html/documents/2006 Salt Creek Trip Slide Show/images classic_t_right.gif
2008.02.14 10:29 B C:\Documents and Settings\jreimann\Desktop\EJ-JumpDomain Sites\highway-robbery\public_html\documents\2006 Salt Creek Trip Slide Show\images\classic_t_right_bckrnd.gif <-- Highway Robbery /public_html/documents/2006 Salt Creek Trip Slide Show/images classic_t_right_bckrnd.gif
2008.02.14 10:29 B C:\Documents and Settings\jreimann\Desktop\EJ-JumpDomain Sites\highway-robbery\public_html\documents\2006 Salt Creek Trip Slide Show\images\classic_t_top_bckgrnd.gif <-- Highway Robbery /public_html/documents/2006 Salt Creek Trip Slide Show/images classic_t_top_bckgrnd.gif
2008.02.14 10:29 B C:\Documents and Settings\jreimann\Desktop\EJ-JumpDomain Sites\highway-robbery\public_html\documents\2006 Salt Creek Trip Slide Show\images\classic_t_top_left.gif <-- Highway Robbery /public_html/documents/2006 Salt Creek Trip Slide Show/images classic_t_top_left.gif
2008.02.14 10:29 B C:\Documents and Settings\jreimann\Desktop\EJ-JumpDomain Sites\highway-robbery\public_html\documents\2006 Salt Creek Trip Slide Show\images\classic_t_top_right.gif <-- Highway Robbery /public_html/documents/2006 Salt Creek Trip Slide Show/images classic_t_top_right.gif
2008.02.14 10:29 B C:\Documents and Settings\jreimann\Desktop\EJ-JumpDomain Sites\highway-robbery\public_html\documents\2006 Salt Creek Trip Slide Show\images\classic_top_background.gif <-- Highway Robbery /public_html/documents/2006 Salt Creek Trip Slide Show/images classic_top_background.gif
2008.02.14 10:29 B C:\Documents and Settings\jreimann\Desktop\EJ-JumpDomain Sites\highway-robbery\public_html\documents\2006 Salt Creek Trip Slide Show\images\classic_top_left.gif <-- Highway Robbery /public_html/documents/2006 Salt Creek Trip Slide Show/images classic_top_left.gif
2008.02.14 10:29 B C:\Documents and Settings\jreimann\Desktop\EJ-JumpDomain Sites\highway-robbery\public_html\documents\2006 Salt Creek Trip Slide Show\images\classic_top_right.gif <-- Highway Robbery /public_html/documents/2006 Salt Creek Trip Slide Show/images classic_top_right.gif
2008.02.14 10:29 B C:\Documents and Settings\jreimann\Desktop\EJ-JumpDomain Sites\highway-robbery\public_html\documents\2006 Salt Creek Trip Slide Show\images\classic_trans.gif <-- Highway Robbery /public_html/documents/2006 Salt Creek Trip Slide Show/images classic_trans.gif
2008.02.14 10:29 B C:\Documents and Settings\jreimann\Desktop\EJ-JumpDomain Sites\highway-robbery\public_html\documents\2006 Salt Creek Trip Slide Show\images\classic_up_button.gif <-- Highway Robbery /public_html/documents/2006 Salt Creek Trip Slide Show/images classic_up_button.gif
2008.02.14 10:29 B C:\Documents and Settings\jreimann\Desktop\EJ-JumpDomain Sites\highway-robbery\public_html\documents\2006 Salt Creek Trip Slide Show\images\home.gif <-- Highway Robbery /public_html/documents/2006 Salt Creek Trip Slide Show/images home.gif
2008.02.14 10:29 B C:\Documents and Settings\jreimann\Desktop\EJ-JumpDomain Sites\highway-robbery\public_html\documents\2006 Salt Creek Trip Slide Show\images\next.gif <-- Highway Robbery /public_html/documents/2006 Salt Creek Trip Slide Show/images next.gif
2008.02.14 10:29 B C:\Documents and Settings\jreimann\Desktop\EJ-JumpDomain Sites\highway-robbery\public_html\documents\2006 Salt Creek Trip Slide Show\images\previous.gif <-- Highway Robbery /public_html/documents/2006 Salt Creek Trip Slide Show/images previous.gif
