2008.02.14 10:35 B C:\Documents and Settings\jreimann\Desktop\EJ-JumpDomain Sites\highway-robbery\public_html\images\002_Salt_Creek.jpg <-- Highway Robbery /public_html/images 002_Salt_Creek.jpg
2008.02.14 10:35 B C:\Documents and Settings\jreimann\Desktop\EJ-JumpDomain Sites\highway-robbery\public_html\images\1936-37_CCC_Map_Alexa_Lane_area.pdf <-- Highway Robbery /public_html/images 1936-37_CCC_Map_Alexa_Lane_area.pdf
2008.02.14 10:35 B C:\Documents and Settings\jreimann\Desktop\EJ-JumpDomain Sites\highway-robbery\public_html\images\9-25-1997_memo_re_ RS2477_ Public_Highways.pdf <-- Highway Robbery /public_html/images 9-25-1997_memo_re_ RS2477_ Public_Highways.pdf
2008.02.14 10:35 B C:\Documents and Settings\jreimann\Desktop\EJ-JumpDomain Sites\highway-robbery\public_html\images\Aerial_Comparisons_Alexa_Lane.pdf <-- Highway Robbery /public_html/images Aerial_Comparisons_Alexa_Lane.pdf
2008.02.14 10:35 B C:\Documents and Settings\jreimann\Desktop\EJ-JumpDomain Sites\highway-robbery\public_html\images\Aerial_Comparisons_Snake_Pass.pdf <-- Highway Robbery /public_html/images Aerial_Comparisons_Snake_Pass.pdf
2008.02.14 10:35 B C:\Documents and Settings\jreimann\Desktop\EJ-JumpDomain Sites\highway-robbery\public_html\images\arrow.gif <-- Highway Robbery /public_html/images arrow.gif
2008.02.14 10:35 B C:\Documents and Settings\jreimann\Desktop\EJ-JumpDomain Sites\highway-robbery\public_html\images\Aug_5_2005_Comment_Letter.pdf <-- Highway Robbery /public_html/images Aug_5_2005_Comment_Letter.pdf
2008.02.14 10:35 B C:\Documents and Settings\jreimann\Desktop\EJ-JumpDomain Sites\highway-robbery\public_html\images\denali_rs2477_small.jpg <-- Highway Robbery /public_html/images denali_rs2477_small.jpg
2008.02.14 10:35 B C:\Documents and Settings\jreimann\Desktop\EJ-JumpDomain Sites\highway-robbery\public_html\images\dinosaur_small.jpg <-- Highway Robbery /public_html/images dinosaur_small.jpg
2008.02.14 10:35 B C:\Documents and Settings\jreimann\Desktop\EJ-JumpDomain Sites\highway-robbery\public_html\images\Excerpts_3_of_1937_map.pdf <-- Highway Robbery /public_html/images Excerpts_3_of_1937_map.pdf
2008.02.14 10:35 B C:\Documents and Settings\jreimann\Desktop\EJ-JumpDomain Sites\highway-robbery\public_html\images\garfield_utah.jpg <-- Highway Robbery /public_html/images garfield_utah.jpg
2008.02.14 10:35 B C:\Documents and Settings\jreimann\Desktop\EJ-JumpDomain Sites\highway-robbery\public_html\images\GSENM pic.doc <-- Highway Robbery /public_html/images GSENM pic.doc
2008.02.14 10:35 B C:\Documents and Settings\jreimann\Desktop\EJ-JumpDomain Sites\highway-robbery\public_html\images\Headwall.jpg <-- Highway Robbery /public_html/images Headwall.jpg
2008.02.14 10:35 B C:\Documents and Settings\jreimann\Desktop\EJ-JumpDomain Sites\highway-robbery\public_html\images\Hiker.jpg <-- Highway Robbery /public_html/images Hiker.jpg
2008.02.14 10:35 B C:\Documents and Settings\jreimann\Desktop\EJ-JumpDomain Sites\highway-robbery\public_html\images\Horse_Valley_route_sagebrush.JPG <-- Highway Robbery /public_html/images Horse_Valley_route_sagebrush.JPG
2008.02.14 10:35 B C:\Documents and Settings\jreimann\Desktop\EJ-JumpDomain Sites\highway-robbery\public_html\images\IMG_0929.jpg <-- Highway Robbery /public_html/images IMG_0929.jpg
2008.02.14 10:36 B C:\Documents and Settings\jreimann\Desktop\EJ-JumpDomain Sites\highway-robbery\public_html\images\IMG_0942.jpg <-- Highway Robbery /public_html/images IMG_0942.jpg
2008.02.14 10:36 B C:\Documents and Settings\jreimann\Desktop\EJ-JumpDomain Sites\highway-robbery\public_html\images\June's_Bottom.jpg <-- Highway Robbery /public_html/images June's_Bottom.jpg
2008.02.14 10:36 B C:\Documents and Settings\jreimann\Desktop\EJ-JumpDomain Sites\highway-robbery\public_html\images\Last-Chance.jpg <-- Highway Robbery /public_html/images Last-Chance.jpg
2008.02.14 10:36 B C:\Documents and Settings\jreimann\Desktop\EJ-JumpDomain Sites\highway-robbery\public_html\images\Last_Chance1.jpg <-- Highway Robbery /public_html/images Last_Chance1.jpg
2008.02.14 10:36 B C:\Documents and Settings\jreimann\Desktop\EJ-JumpDomain Sites\highway-robbery\public_html\images\Last_Chance2.jpg <-- Highway Robbery /public_html/images Last_Chance2.jpg
2008.02.14 10:36 B C:\Documents and Settings\jreimann\Desktop\EJ-JumpDomain Sites\highway-robbery\public_html\images\Last_Chance_1 <-- Highway Robbery /public_html/images Last_Chance_1
2008.02.14 10:36 B C:\Documents and Settings\jreimann\Desktop\EJ-JumpDomain Sites\highway-robbery\public_html\images\Last_Chance_2 <-- Highway Robbery /public_html/images Last_Chance_2
2008.02.14 10:36 B C:\Documents and Settings\jreimann\Desktop\EJ-JumpDomain Sites\highway-robbery\public_html\images\Last_Chance_2_big.jpg <-- Highway Robbery /public_html/images Last_Chance_2_big.jpg
2008.02.14 10:36 B C:\Documents and Settings\jreimann\Desktop\EJ-JumpDomain Sites\highway-robbery\public_html\images\Lastchance-1_big.jpg <-- Highway Robbery /public_html/images Lastchance-1_big.jpg
2008.02.14 10:36 B C:\Documents and Settings\jreimann\Desktop\EJ-JumpDomain Sites\highway-robbery\public_html\images\Link_Flat.jpg <-- Highway Robbery /public_html/images Link_Flat.jpg
2008.02.14 10:36 B C:\Documents and Settings\jreimann\Desktop\EJ-JumpDomain Sites\highway-robbery\public_html\images\Mexican_Mtn.jpg <-- Highway Robbery /public_html/images Mexican_Mtn.jpg
2008.02.14 10:36 B C:\Documents and Settings\jreimann\Desktop\EJ-JumpDomain Sites\highway-robbery\public_html\images\Mexican_Mtn_RB.jpg <-- Highway Robbery /public_html/images Mexican_Mtn_RB.jpg
2008.02.14 10:36 B C:\Documents and Settings\jreimann\Desktop\EJ-JumpDomain Sites\highway-robbery\public_html\images\moffatwpics_11x17.jpg <-- Highway Robbery /public_html/images moffatwpics_11x17.jpg
2008.02.14 10:36 B C:\Documents and Settings\jreimann\Desktop\EJ-JumpDomain Sites\highway-robbery\public_html\images\mojave_rs2477_small.jpg <-- Highway Robbery /public_html/images mojave_rs2477_small.jpg
2008.02.14 10:36 B C:\Documents and Settings\jreimann\Desktop\EJ-JumpDomain Sites\highway-robbery\public_html\images\ORV surprise canyon_CA2.jpg <-- Highway Robbery /public_html/images ORV surprise canyon_CA2.jpg
2008.02.14 10:36 B C:\Documents and Settings\jreimann\Desktop\EJ-JumpDomain Sites\highway-robbery\public_html\images\ORV surprise canyon_CA2.TIF <-- Highway Robbery /public_html/images ORV surprise canyon_CA2.TIF
2008.02.14 10:36 B C:\Documents and Settings\jreimann\Desktop\EJ-JumpDomain Sites\highway-robbery\public_html\images\paria_rs2477_small.jpg <-- Highway Robbery /public_html/images paria_rs2477_small.jpg
2008.02.14 10:36 B C:\Documents and Settings\jreimann\Desktop\EJ-JumpDomain Sites\highway-robbery\public_html\images\Red_Hole_Draw.jpg <-- Highway Robbery /public_html/images Red_Hole_Draw.jpg
2008.02.14 10:36 B C:\Documents and Settings\jreimann\Desktop\EJ-JumpDomain Sites\highway-robbery\public_html\images\Routes_to_Copper_Globe.jpg <-- Highway Robbery /public_html/images Routes_to_Copper_Globe.jpg
2008.02.14 10:36 B C:\Documents and Settings\jreimann\Desktop\EJ-JumpDomain Sites\highway-robbery\public_html\images\Salt Creek from BU website.JPG <-- Highway Robbery /public_html/images Salt Creek from BU website.JPG
2008.02.14 10:36 B C:\Documents and Settings\jreimann\Desktop\EJ-JumpDomain Sites\highway-robbery\public_html\images\Seeger's_Hole.jpg <-- Highway Robbery /public_html/images Seeger's_Hole.jpg
2008.02.14 10:36 B C:\Documents and Settings\jreimann\Desktop\EJ-JumpDomain Sites\highway-robbery\public_html\images\Segers_Hole_RB.jpg <-- Highway Robbery /public_html/images Segers_Hole_RB.jpg
2008.02.14 10:36 B C:\Documents and Settings\jreimann\Desktop\EJ-JumpDomain Sites\highway-robbery\public_html\images\Sid's_Leap.jpg <-- Highway Robbery /public_html/images Sid's_Leap.jpg
2008.02.14 10:36 B C:\Documents and Settings\jreimann\Desktop\EJ-JumpDomain Sites\highway-robbery\public_html\images\Sidebar_Map.gif <-- Highway Robbery /public_html/images Sidebar_Map.gif
2008.02.14 10:36 B C:\Documents and Settings\jreimann\Desktop\EJ-JumpDomain Sites\highway-robbery\public_html\images\Snake_Pass.jpg <-- Highway Robbery /public_html/images Snake_Pass.jpg
2008.02.14 10:36 B C:\Documents and Settings\jreimann\Desktop\EJ-JumpDomain Sites\highway-robbery\public_html\images\sodamtns.jpg <-- Highway Robbery /public_html/images sodamtns.jpg
2008.02.14 10:36 B C:\Documents and Settings\jreimann\Desktop\EJ-JumpDomain Sites\highway-robbery\public_html\images\spacer_20w_10h.gif <-- Highway Robbery /public_html/images spacer_20w_10h.gif
2008.02.14 10:36 B C:\Documents and Settings\jreimann\Desktop\EJ-JumpDomain Sites\highway-robbery\public_html\images\usa_blank.gif <-- Highway Robbery /public_html/images usa_blank.gif
2008.02.14 10:36 B C:\Documents and Settings\jreimann\Desktop\EJ-JumpDomain Sites\highway-robbery\public_html\images\usa_rs2477.gif <-- Highway Robbery /public_html/images usa_rs2477.gif
2008.02.14 10:36 B C:\Documents and Settings\jreimann\Desktop\EJ-JumpDomain Sites\highway-robbery\public_html\images\Waypoint_09_East_5-6-05.jpg <-- Highway Robbery /public_html/images Waypoint_09_East_5-6-05.jpg
2008.02.14 10:37 B C:\Documents and Settings\jreimann\Desktop\EJ-JumpDomain Sites\highway-robbery\public_html\images\Waypoint_17_east_5-6-05.jpg <-- Highway Robbery /public_html/images Waypoint_17_east_5-6-05.jpg
2008.02.14 10:37 B C:\Documents and Settings\jreimann\Desktop\EJ-JumpDomain Sites\highway-robbery\public_html\images\Waypoint_36_ENE_5-7-05.jpg <-- Highway Robbery /public_html/images Waypoint_36_ENE_5-7-05.jpg
2008.02.14 10:37 B C:\Documents and Settings\jreimann\Desktop\EJ-JumpDomain Sites\highway-robbery\public_html\images\Waypoint_43_SSW_5-7-05.jpg <-- Highway Robbery /public_html/images Waypoint_43_SSW_5-7-05.jpg
2008.02.14 10:37 B C:\Documents and Settings\jreimann\Desktop\EJ-JumpDomain Sites\highway-robbery\public_html\images\zion_rs2447-March-2006.pdf <-- Highway Robbery /public_html/images zion_rs2447-March-2006.pdf
