2008.02.14 10:37 B C:\Documents and Settings\jreimann\Desktop\EJ-JumpDomain Sites\highway-robbery\public_html\lands\_vti_cnf\16_JPG.jpg <-- Highway Robbery /public_html/lands/_vti_cnf 16_JPG.jpg
2008.02.14 10:37 B C:\Documents and Settings\jreimann\Desktop\EJ-JumpDomain Sites\highway-robbery\public_html\lands\_vti_cnf\alaska.htm <-- Highway Robbery /public_html/lands/_vti_cnf alaska.htm
2008.02.14 10:37 B C:\Documents and Settings\jreimann\Desktop\EJ-JumpDomain Sites\highway-robbery\public_html\lands\_vti_cnf\Califo1.jpg <-- Highway Robbery /public_html/lands/_vti_cnf Califo1.jpg
2008.02.14 10:37 B C:\Documents and Settings\jreimann\Desktop\EJ-JumpDomain Sites\highway-robbery\public_html\lands\_vti_cnf\california.htm <-- Highway Robbery /public_html/lands/_vti_cnf california.htm
2008.02.14 10:37 B C:\Documents and Settings\jreimann\Desktop\EJ-JumpDomain Sites\highway-robbery\public_html\lands\_vti_cnf\California1.htm <-- Highway Robbery /public_html/lands/_vti_cnf California1.htm
2008.02.14 10:37 B C:\Documents and Settings\jreimann\Desktop\EJ-JumpDomain Sites\highway-robbery\public_html\lands\_vti_cnf\California2.htm <-- Highway Robbery /public_html/lands/_vti_cnf California2.htm
2008.02.14 10:37 B C:\Documents and Settings\jreimann\Desktop\EJ-JumpDomain Sites\highway-robbery\public_html\lands\_vti_cnf\California3.htm <-- Highway Robbery /public_html/lands/_vti_cnf California3.htm
2008.02.14 10:37 B C:\Documents and Settings\jreimann\Desktop\EJ-JumpDomain Sites\highway-robbery\public_html\lands\_vti_cnf\colorado.htm <-- Highway Robbery /public_html/lands/_vti_cnf colorado.htm
2008.02.14 10:37 B C:\Documents and Settings\jreimann\Desktop\EJ-JumpDomain Sites\highway-robbery\public_html\lands\_vti_cnf\colorado1.htm <-- Highway Robbery /public_html/lands/_vti_cnf colorado1.htm
2008.02.14 10:37 B C:\Documents and Settings\jreimann\Desktop\EJ-JumpDomain Sites\highway-robbery\public_html\lands\_vti_cnf\colorado2.htm <-- Highway Robbery /public_html/lands/_vti_cnf colorado2.htm
2008.02.14 10:37 B C:\Documents and Settings\jreimann\Desktop\EJ-JumpDomain Sites\highway-robbery\public_html\lands\_vti_cnf\Horse_Valley_route_sagebrush_small.JPG <-- Highway Robbery /public_html/lands/_vti_cnf Horse_Valley_route_sagebrush_small.JPG
2008.02.14 10:37 B C:\Documents and Settings\jreimann\Desktop\EJ-JumpDomain Sites\highway-robbery\public_html\lands\_vti_cnf\idaho.htm <-- Highway Robbery /public_html/lands/_vti_cnf idaho.htm
2008.02.14 10:37 B C:\Documents and Settings\jreimann\Desktop\EJ-JumpDomain Sites\highway-robbery\public_html\lands\_vti_cnf\index.htm <-- Highway Robbery /public_html/lands/_vti_cnf index.htm
2008.02.14 10:37 B C:\Documents and Settings\jreimann\Desktop\EJ-JumpDomain Sites\highway-robbery\public_html\lands\_vti_cnf\misc_UT_GSENM_KaneCounty_K7230.jpg <-- Highway Robbery /public_html/lands/_vti_cnf misc_UT_GSENM_KaneCounty_K7230.jpg
2008.02.14 10:37 B C:\Documents and Settings\jreimann\Desktop\EJ-JumpDomain Sites\highway-robbery\public_html\lands\_vti_cnf\misc_UT_GSENM_KaneCounty_K7300_typicalstreamcrossing.jpg <-- Highway Robbery /public_html/lands/_vti_cnf misc_UT_GSENM_KaneCounty_K7300_typicalstreamcrossing.jpg
2008.02.14 10:37 B C:\Documents and Settings\jreimann\Desktop\EJ-JumpDomain Sites\highway-robbery\public_html\lands\_vti_cnf\misc_UT_GSENM_KaneCounty_K7510.jpg <-- Highway Robbery /public_html/lands/_vti_cnf misc_UT_GSENM_KaneCounty_K7510.jpg
2008.02.14 10:37 B C:\Documents and Settings\jreimann\Desktop\EJ-JumpDomain Sites\highway-robbery\public_html\lands\_vti_cnf\misc_UT_GSENM_KaneCounty_K8450.jpg <-- Highway Robbery /public_html/lands/_vti_cnf misc_UT_GSENM_KaneCounty_K8450.jpg
2008.02.14 10:37 B C:\Documents and Settings\jreimann\Desktop\EJ-JumpDomain Sites\highway-robbery\public_html\lands\_vti_cnf\misc_UT_GSENM_KaneCounty_K9275.jpg <-- Highway Robbery /public_html/lands/_vti_cnf misc_UT_GSENM_KaneCounty_K9275.jpg
2008.02.14 10:37 B C:\Documents and Settings\jreimann\Desktop\EJ-JumpDomain Sites\highway-robbery\public_html\lands\_vti_cnf\misc_UT_GSENM_PariaRiver_SUWA.jpg <-- Highway Robbery /public_html/lands/_vti_cnf misc_UT_GSENM_PariaRiver_SUWA.jpg
2008.02.14 10:37 B C:\Documents and Settings\jreimann\Desktop\EJ-JumpDomain Sites\highway-robbery\public_html\lands\_vti_cnf\montana.htm <-- Highway Robbery /public_html/lands/_vti_cnf montana.htm
2008.02.14 10:37 B C:\Documents and Settings\jreimann\Desktop\EJ-JumpDomain Sites\highway-robbery\public_html\lands\_vti_cnf\nevada.htm <-- Highway Robbery /public_html/lands/_vti_cnf nevada.htm
2008.02.14 10:37 B C:\Documents and Settings\jreimann\Desktop\EJ-JumpDomain Sites\highway-robbery\public_html\lands\_vti_cnf\newmexico.htm <-- Highway Robbery /public_html/lands/_vti_cnf newmexico.htm
2008.02.14 10:37 B C:\Documents and Settings\jreimann\Desktop\EJ-JumpDomain Sites\highway-robbery\public_html\lands\_vti_cnf\northdakota.htm <-- Highway Robbery /public_html/lands/_vti_cnf northdakota.htm
2008.02.14 10:37 B C:\Documents and Settings\jreimann\Desktop\EJ-JumpDomain Sites\highway-robbery\public_html\lands\_vti_cnf\oregon.htm <-- Highway Robbery /public_html/lands/_vti_cnf oregon.htm
2008.02.14 10:37 B C:\Documents and Settings\jreimann\Desktop\EJ-JumpDomain Sites\highway-robbery\public_html\lands\_vti_cnf\Snake_Pass_small.jpg <-- Highway Robbery /public_html/lands/_vti_cnf Snake_Pass_small.jpg
2008.02.14 10:37 B C:\Documents and Settings\jreimann\Desktop\EJ-JumpDomain Sites\highway-robbery\public_html\lands\_vti_cnf\utah.htm <-- Highway Robbery /public_html/lands/_vti_cnf utah.htm
2008.02.14 10:37 B C:\Documents and Settings\jreimann\Desktop\EJ-JumpDomain Sites\highway-robbery\public_html\lands\_vti_cnf\utah1.htm <-- Highway Robbery /public_html/lands/_vti_cnf utah1.htm
2008.02.14 10:37 B C:\Documents and Settings\jreimann\Desktop\EJ-JumpDomain Sites\highway-robbery\public_html\lands\_vti_cnf\utah10.htm <-- Highway Robbery /public_html/lands/_vti_cnf utah10.htm
2008.02.14 10:37 B C:\Documents and Settings\jreimann\Desktop\EJ-JumpDomain Sites\highway-robbery\public_html\lands\_vti_cnf\utah11.htm <-- Highway Robbery /public_html/lands/_vti_cnf utah11.htm
2008.02.14 10:37 B C:\Documents and Settings\jreimann\Desktop\EJ-JumpDomain Sites\highway-robbery\public_html\lands\_vti_cnf\utah12.htm <-- Highway Robbery /public_html/lands/_vti_cnf utah12.htm
2008.02.14 10:37 B C:\Documents and Settings\jreimann\Desktop\EJ-JumpDomain Sites\highway-robbery\public_html\lands\_vti_cnf\utah13.htm <-- Highway Robbery /public_html/lands/_vti_cnf utah13.htm
2008.02.14 10:37 B C:\Documents and Settings\jreimann\Desktop\EJ-JumpDomain Sites\highway-robbery\public_html\lands\_vti_cnf\utah131.jpg <-- Highway Robbery /public_html/lands/_vti_cnf utah131.jpg
2008.02.14 10:37 B C:\Documents and Settings\jreimann\Desktop\EJ-JumpDomain Sites\highway-robbery\public_html\lands\_vti_cnf\utah132.jpg <-- Highway Robbery /public_html/lands/_vti_cnf utah132.jpg
2008.02.14 10:37 B C:\Documents and Settings\jreimann\Desktop\EJ-JumpDomain Sites\highway-robbery\public_html\lands\_vti_cnf\utah133.jpg <-- Highway Robbery /public_html/lands/_vti_cnf utah133.jpg
2008.02.14 10:37 B C:\Documents and Settings\jreimann\Desktop\EJ-JumpDomain Sites\highway-robbery\public_html\lands\_vti_cnf\utah2.htm <-- Highway Robbery /public_html/lands/_vti_cnf utah2.htm
2008.02.14 10:37 B C:\Documents and Settings\jreimann\Desktop\EJ-JumpDomain Sites\highway-robbery\public_html\lands\_vti_cnf\utah3.htm <-- Highway Robbery /public_html/lands/_vti_cnf utah3.htm
2008.02.14 10:37 B C:\Documents and Settings\jreimann\Desktop\EJ-JumpDomain Sites\highway-robbery\public_html\lands\_vti_cnf\utah4.htm <-- Highway Robbery /public_html/lands/_vti_cnf utah4.htm
2008.02.14 10:37 B C:\Documents and Settings\jreimann\Desktop\EJ-JumpDomain Sites\highway-robbery\public_html\lands\_vti_cnf\utah5.htm <-- Highway Robbery /public_html/lands/_vti_cnf utah5.htm
2008.02.14 10:37 B C:\Documents and Settings\jreimann\Desktop\EJ-JumpDomain Sites\highway-robbery\public_html\lands\_vti_cnf\utah6.htm <-- Highway Robbery /public_html/lands/_vti_cnf utah6.htm
2008.02.14 10:37 B C:\Documents and Settings\jreimann\Desktop\EJ-JumpDomain Sites\highway-robbery\public_html\lands\_vti_cnf\utah7.htm <-- Highway Robbery /public_html/lands/_vti_cnf utah7.htm
2008.02.14 10:37 B C:\Documents and Settings\jreimann\Desktop\EJ-JumpDomain Sites\highway-robbery\public_html\lands\_vti_cnf\utah8.htm <-- Highway Robbery /public_html/lands/_vti_cnf utah8.htm
2008.02.14 10:37 B C:\Documents and Settings\jreimann\Desktop\EJ-JumpDomain Sites\highway-robbery\public_html\lands\_vti_cnf\utah81.htm <-- Highway Robbery /public_html/lands/_vti_cnf utah81.htm
2008.02.14 10:37 B C:\Documents and Settings\jreimann\Desktop\EJ-JumpDomain Sites\highway-robbery\public_html\lands\_vti_cnf\utah8draft.htm <-- Highway Robbery /public_html/lands/_vti_cnf utah8draft.htm
2008.02.14 10:37 B C:\Documents and Settings\jreimann\Desktop\EJ-JumpDomain Sites\highway-robbery\public_html\lands\_vti_cnf\utah9.htm <-- Highway Robbery /public_html/lands/_vti_cnf utah9.htm
2008.02.14 10:37 B C:\Documents and Settings\jreimann\Desktop\EJ-JumpDomain Sites\highway-robbery\public_html\lands\_vti_cnf\Waypoint_09_East_5-6-05_small.jpg <-- Highway Robbery /public_html/lands/_vti_cnf Waypoint_09_East_5-6-05_small.jpg
2008.02.14 10:37 B C:\Documents and Settings\jreimann\Desktop\EJ-JumpDomain Sites\highway-robbery\public_html\lands\_vti_cnf\Waypoint_17_east_5-6-05_small.jpg <-- Highway Robbery /public_html/lands/_vti_cnf Waypoint_17_east_5-6-05_small.jpg
2008.02.14 10:37 B C:\Documents and Settings\jreimann\Desktop\EJ-JumpDomain Sites\highway-robbery\public_html\lands\_vti_cnf\Waypoint_36_ENE_5-7-05_small.jpg <-- Highway Robbery /public_html/lands/_vti_cnf Waypoint_36_ENE_5-7-05_small.jpg
2008.02.14 10:37 B C:\Documents and Settings\jreimann\Desktop\EJ-JumpDomain Sites\highway-robbery\public_html\lands\_vti_cnf\Waypoint_43_SSW_5-7-05_small.jpg <-- Highway Robbery /public_html/lands/_vti_cnf Waypoint_43_SSW_5-7-05_small.jpg
2008.02.14 10:37 B C:\Documents and Settings\jreimann\Desktop\EJ-JumpDomain Sites\highway-robbery\public_html\lands\_vti_cnf\WH_4.23.05_kane sign off HOTR.jpg <-- Highway Robbery /public_html/lands/_vti_cnf WH_4.23.05_kane sign off HOTR.jpg
2008.02.14 10:37 B C:\Documents and Settings\jreimann\Desktop\EJ-JumpDomain Sites\highway-robbery\public_html\lands\_vti_cnf\wyoming.htm <-- Highway Robbery /public_html/lands/_vti_cnf wyoming.htm
