2008.02.14 10:30 B \0.gif <-- Highway Robbery /public_html/documents/2007 Udall Amendment Links/Salt Lake Tribune - Road fight Courts, not BLM, should decide RS2477 claims_files 0.gif
2008.02.14 10:30 B \1024_-_3_Columns.css <-- Highway Robbery /public_html/documents/2007 Udall Amendment Links/Salt Lake Tribune - Road fight Courts, not BLM, should decide RS2477 claims_files 1024_-_3_Columns.css
2008.02.14 10:30 B \20060628__slt_sect_bkg_a.gif <-- Highway Robbery /public_html/documents/2007 Udall Amendment Links/Salt Lake Tribune - Road fight Courts, not BLM, should decide RS2477 claims_files 20060628__slt_sect_bkg_a.gif
2008.02.14 10:30 B \20060628__slt_sect_bkg_b.gif <-- Highway Robbery /public_html/documents/2007 Udall Amendment Links/Salt Lake Tribune - Road fight Courts, not BLM, should decide RS2477 claims_files 20060628__slt_sect_bkg_b.gif
2008.02.14 10:30 B \20060628__slt_Sect_mast.gif <-- Highway Robbery /public_html/documents/2007 Udall Amendment Links/Salt Lake Tribune - Road fight Courts, not BLM, should decide RS2477 claims_files 20060628__slt_Sect_mast.gif
2008.02.14 10:30 B \AccipiterInclude.js <-- Highway Robbery /public_html/documents/2007 Udall Amendment Links/Salt Lake Tribune - Road fight Courts, not BLM, should decide RS2477 claims_files AccipiterInclude.js
2008.02.14 10:30 B \DartInclude.js <-- Highway Robbery /public_html/documents/2007 Udall Amendment Links/Salt Lake Tribune - Road fight Courts, not BLM, should decide RS2477 claims_files DartInclude.js
2008.02.14 10:30 B \delicious.png <-- Highway Robbery /public_html/documents/2007 Udall Amendment Links/Salt Lake Tribune - Road fight Courts, not BLM, should decide RS2477 claims_files delicious.png
2008.02.14 10:30 B \digg.png <-- Highway Robbery /public_html/documents/2007 Udall Amendment Links/Salt Lake Tribune - Road fight Courts, not BLM, should decide RS2477 claims_files digg.png
2008.02.14 10:30 B \functions.js <-- Highway Robbery /public_html/documents/2007 Udall Amendment Links/Salt Lake Tribune - Road fight Courts, not BLM, should decide RS2477 claims_files functions.js
2008.02.14 10:30 B \google.png <-- Highway Robbery /public_html/documents/2007 Udall Amendment Links/Salt Lake Tribune - Road fight Courts, not BLM, should decide RS2477 claims_files google.png
2008.02.14 10:30 B \icon-email.gif <-- Highway Robbery /public_html/documents/2007 Udall Amendment Links/Salt Lake Tribune - Road fight Courts, not BLM, should decide RS2477 claims_files icon-email.gif
2008.02.14 10:30 B \icon-print.gif <-- Highway Robbery /public_html/documents/2007 Udall Amendment Links/Salt Lake Tribune - Road fight Courts, not BLM, should decide RS2477 claims_files icon-print.gif
2008.02.14 10:30 B \icon-uparrow.gif <-- Highway Robbery /public_html/documents/2007 Udall Amendment Links/Salt Lake Tribune - Road fight Courts, not BLM, should decide RS2477 claims_files icon-uparrow.gif
2008.02.14 10:30 B \info.jpg <-- Highway Robbery /public_html/documents/2007 Udall Amendment Links/Salt Lake Tribune - Road fight Courts, not BLM, should decide RS2477 claims_files info.jpg
2008.02.14 10:30 B \MNGiDefaultStyles.css <-- Highway Robbery /public_html/documents/2007 Udall Amendment Links/Salt Lake Tribune - Road fight Courts, not BLM, should decide RS2477 claims_files MNGiDefaultStyles.css
2008.02.14 10:30 B \OmnitureHelper.js <-- Highway Robbery /public_html/documents/2007 Udall Amendment Links/Salt Lake Tribune - Road fight Courts, not BLM, should decide RS2477 claims_files OmnitureHelper.js
2008.02.14 10:30 B \OmniUserObj.js <-- Highway Robbery /public_html/documents/2007 Udall Amendment Links/Salt Lake Tribune - Road fight Courts, not BLM, should decide RS2477 claims_files OmniUserObj.js
2008.02.14 10:30 B \pop-window.js <-- Highway Robbery /public_html/documents/2007 Udall Amendment Links/Salt Lake Tribune - Road fight Courts, not BLM, should decide RS2477 claims_files pop-window.js
2008.02.14 10:30 B \reddit.png <-- Highway Robbery /public_html/documents/2007 Udall Amendment Links/Salt Lake Tribune - Road fight Courts, not BLM, should decide RS2477 claims_files reddit.png
2008.02.14 10:30 B \SiteCatalystCode_H_1.js <-- Highway Robbery /public_html/documents/2007 Udall Amendment Links/Salt Lake Tribune - Road fight Courts, not BLM, should decide RS2477 claims_files SiteCatalystCode_H_1.js
2008.02.14 10:30 B \slt_article.css <-- Highway Robbery /public_html/documents/2007 Udall Amendment Links/Salt Lake Tribune - Road fight Courts, not BLM, should decide RS2477 claims_files slt_article.css
2008.02.14 10:30 B \slt_mastNavbar.css <-- Highway Robbery /public_html/documents/2007 Udall Amendment Links/Salt Lake Tribune - Road fight Courts, not BLM, should decide RS2477 claims_files slt_mastNavbar.css
2008.02.14 10:30 B \slt_site.css <-- Highway Robbery /public_html/documents/2007 Udall Amendment Links/Salt Lake Tribune - Road fight Courts, not BLM, should decide RS2477 claims_files slt_site.css
2008.02.14 10:30 B \track.htm <-- Highway Robbery /public_html/documents/2007 Udall Amendment Links/Salt Lake Tribune - Road fight Courts, not BLM, should decide RS2477 claims_files track.htm
2008.02.14 10:30 B \yahoomyweb.png <-- Highway Robbery /public_html/documents/2007 Udall Amendment Links/Salt Lake Tribune - Road fight Courts, not BLM, should decide RS2477 claims_files yahoomyweb.png
