2008.02.14 09:52 B C:\Documents and Settings\jreimann\Desktop\EJ-JumpDomain Sites\highway-robbery\public_html\Copy of documents\_vti_cnf\001_Complaint_Friends_Panamint_Valley.pdf <-- Highway Robbery /public_html/Copy of documents/_vti_cnf 001_Complaint_Friends_Panamint_Valley.pdf
2008.02.14 09:52 B C:\Documents and Settings\jreimann\Desktop\EJ-JumpDomain Sites\highway-robbery\public_html\Copy of documents\_vti_cnf\0182_washington_1200final.pdf <-- Highway Robbery /public_html/Copy of documents/_vti_cnf 0182_washington_1200final.pdf
2008.02.14 09:52 B C:\Documents and Settings\jreimann\Desktop\EJ-JumpDomain Sites\highway-robbery\public_html\Copy of documents\_vti_cnf\04-4071_1-6-06_as_amended_10th_Cir_version.pdf <-- Highway Robbery /public_html/Copy of documents/_vti_cnf 04-4071_1-6-06_as_amended_10th_Cir_version.pdf
2008.02.14 09:52 B C:\Documents and Settings\jreimann\Desktop\EJ-JumpDomain Sites\highway-robbery\public_html\Copy of documents\_vti_cnf\04-4071_9-8-05_remand.pdf <-- Highway Robbery /public_html/Copy of documents/_vti_cnf 04-4071_9-8-05_remand.pdf
2008.02.14 09:52 B C:\Documents and Settings\jreimann\Desktop\EJ-JumpDomain Sites\highway-robbery\public_html\Copy of documents\_vti_cnf\041205_lawsuit.pdf <-- Highway Robbery /public_html/Copy of documents/_vti_cnf 041205_lawsuit.pdf
2008.02.14 09:52 B C:\Documents and Settings\jreimann\Desktop\EJ-JumpDomain Sites\highway-robbery\public_html\Copy of documents\_vti_cnf\050907_RS2477_release.pdf <-- Highway Robbery /public_html/Copy of documents/_vti_cnf 050907_RS2477_release.pdf
2008.02.14 09:52 B C:\Documents and Settings\jreimann\Desktop\EJ-JumpDomain Sites\highway-robbery\public_html\Copy of documents\_vti_cnf\063_Modified_Final_judgment.pdf <-- Highway Robbery /public_html/Copy of documents/_vti_cnf 063_Modified_Final_judgment.pdf
2008.02.14 09:52 B C:\Documents and Settings\jreimann\Desktop\EJ-JumpDomain Sites\highway-robbery\public_html\Copy of documents\_vti_cnf\070_ORDER.pdf <-- Highway Robbery /public_html/Copy of documents/_vti_cnf 070_ORDER.pdf
2008.02.14 09:52 B C:\Documents and Settings\jreimann\Desktop\EJ-JumpDomain Sites\highway-robbery\public_html\Copy of documents\_vti_cnf\1-22-1997_memo_from_Bruce_Babbitt_RS2477_policy.pdf <-- Highway Robbery /public_html/Copy of documents/_vti_cnf 1-22-1997_memo_from_Bruce_Babbitt_RS2477_policy.pdf
2008.02.14 09:52 B C:\Documents and Settings\jreimann\Desktop\EJ-JumpDomain Sites\highway-robbery\public_html\Copy of documents\_vti_cnf\1-5-2007 Rep Steve Pearce NM RS2477 Legislation.pdf <-- Highway Robbery /public_html/Copy of documents/_vti_cnf 1-5-2007 Rep Steve Pearce NM RS2477 Legislation.pdf
2008.02.14 09:52 B C:\Documents and Settings\jreimann\Desktop\EJ-JumpDomain Sites\highway-robbery\public_html\Copy of documents\_vti_cnf\1-7-04_Trails.pdf <-- Highway Robbery /public_html/Copy of documents/_vti_cnf 1-7-04_Trails.pdf
2008.02.14 09:52 B C:\Documents and Settings\jreimann\Desktop\EJ-JumpDomain Sites\highway-robbery\public_html\Copy of documents\_vti_cnf\10-14-05_DesNews_News.pdf <-- Highway Robbery /public_html/Copy of documents/_vti_cnf 10-14-05_DesNews_News.pdf
2008.02.14 09:52 B C:\Documents and Settings\jreimann\Desktop\EJ-JumpDomain Sites\highway-robbery\public_html\Copy of documents\_vti_cnf\10-14-05_ProvoHerald_News.pdf <-- Highway Robbery /public_html/Copy of documents/_vti_cnf 10-14-05_ProvoHerald_News.pdf
2008.02.14 09:52 B C:\Documents and Settings\jreimann\Desktop\EJ-JumpDomain Sites\highway-robbery\public_html\Copy of documents\_vti_cnf\10-14-05_SL_Trib_News.pdf <-- Highway Robbery /public_html/Copy of documents/_vti_cnf 10-14-05_SL_Trib_News.pdf
2008.02.14 09:52 B C:\Documents and Settings\jreimann\Desktop\EJ-JumpDomain Sites\highway-robbery\public_html\Copy of documents\_vti_cnf\10-18-05_Justice_to_Durbin.pdf <-- Highway Robbery /public_html/Copy of documents/_vti_cnf 10-18-05_Justice_to_Durbin.pdf
2008.02.14 09:52 B C:\Documents and Settings\jreimann\Desktop\EJ-JumpDomain Sites\highway-robbery\public_html\Copy of documents\_vti_cnf\10-23-03_Section_337_letter.pdf <-- Highway Robbery /public_html/Copy of documents/_vti_cnf 10-23-03_Section_337_letter.pdf
2008.02.14 09:52 B C:\Documents and Settings\jreimann\Desktop\EJ-JumpDomain Sites\highway-robbery\public_html\Copy of documents\_vti_cnf\10-23-03_Section_337_letter_signers.pdf <-- Highway Robbery /public_html/Copy of documents/_vti_cnf 10-23-03_Section_337_letter_signers.pdf
2008.02.14 09:52 B C:\Documents and Settings\jreimann\Desktop\EJ-JumpDomain Sites\highway-robbery\public_html\Copy of documents\_vti_cnf\10-28-03_Roads.pdf <-- Highway Robbery /public_html/Copy of documents/_vti_cnf 10-28-03_Roads.pdf
2008.02.14 09:52 B C:\Documents and Settings\jreimann\Desktop\EJ-JumpDomain Sites\highway-robbery\public_html\Copy of documents\_vti_cnf\10-29-03_Motorized.pdf <-- Highway Robbery /public_html/Copy of documents/_vti_cnf 10-29-03_Motorized.pdf
2008.02.14 09:52 B C:\Documents and Settings\jreimann\Desktop\EJ-JumpDomain Sites\highway-robbery\public_html\Copy of documents\_vti_cnf\10-8-05_SL_Trib_Habbeshaw_op-ed.pdf <-- Highway Robbery /public_html/Copy of documents/_vti_cnf 10-8-05_SL_Trib_Habbeshaw_op-ed.pdf
2008.02.14 09:52 B C:\Documents and Settings\jreimann\Desktop\EJ-JumpDomain Sites\highway-robbery\public_html\Copy of documents\_vti_cnf\10_CA_Senators_Letter.pdf <-- Highway Robbery /public_html/Copy of documents/_vti_cnf 10_CA_Senators_Letter.pdf
2008.02.14 09:52 B C:\Documents and Settings\jreimann\Desktop\EJ-JumpDomain Sites\highway-robbery\public_html\Copy of documents\_vti_cnf\11-01-05_Durbin_to_Norton.pdf <-- Highway Robbery /public_html/Copy of documents/_vti_cnf 11-01-05_Durbin_to_Norton.pdf
2008.02.14 09:52 B C:\Documents and Settings\jreimann\Desktop\EJ-JumpDomain Sites\highway-robbery\public_html\Copy of documents\_vti_cnf\11-11-03_Road-claim.pdf <-- Highway Robbery /public_html/Copy of documents/_vti_cnf 11-11-03_Road-claim.pdf
2008.02.14 09:52 B C:\Documents and Settings\jreimann\Desktop\EJ-JumpDomain Sites\highway-robbery\public_html\Copy of documents\_vti_cnf\11-15-05 SL Trib article.pdf <-- Highway Robbery /public_html/Copy of documents/_vti_cnf 11-15-05 SL Trib article.pdf
2008.02.14 09:52 B C:\Documents and Settings\jreimann\Desktop\EJ-JumpDomain Sites\highway-robbery\public_html\Copy of documents\_vti_cnf\11-16-03_Government_Secrecy.pdf <-- Highway Robbery /public_html/Copy of documents/_vti_cnf 11-16-03_Government_Secrecy.pdf
2008.02.14 09:52 B C:\Documents and Settings\jreimann\Desktop\EJ-JumpDomain Sites\highway-robbery\public_html\Copy of documents\_vti_cnf\11-21-05_SL_Trib_news.pdf <-- Highway Robbery /public_html/Copy of documents/_vti_cnf 11-21-05_SL_Trib_news.pdf
2008.02.14 09:52 B C:\Documents and Settings\jreimann\Desktop\EJ-JumpDomain Sites\highway-robbery\public_html\Copy of documents\_vti_cnf\11-24-05_NY Times article.pdf <-- Highway Robbery /public_html/Copy of documents/_vti_cnf 11-24-05_NY Times article.pdf
2008.02.14 09:52 B C:\Documents and Settings\jreimann\Desktop\EJ-JumpDomain Sites\highway-robbery\public_html\Copy of documents\_vti_cnf\11-26-05_SL_Trib_article.pdf <-- Highway Robbery /public_html/Copy of documents/_vti_cnf 11-26-05_SL_Trib_article.pdf
2008.02.14 09:52 B C:\Documents and Settings\jreimann\Desktop\EJ-JumpDomain Sites\highway-robbery\public_html\Copy of documents\_vti_cnf\11-8-05_Calvert_(DOI)_to_Durbin.pdf <-- Highway Robbery /public_html/Copy of documents/_vti_cnf 11-8-05_Calvert_(DOI)_to_Durbin.pdf
2008.02.14 09:52 B C:\Documents and Settings\jreimann\Desktop\EJ-JumpDomain Sites\highway-robbery\public_html\Copy of documents\_vti_cnf\12-12-06_Kane_County.pdf <-- Highway Robbery /public_html/Copy of documents/_vti_cnf 12-12-06_Kane_County.pdf
2008.02.14 09:52 B C:\Documents and Settings\jreimann\Desktop\EJ-JumpDomain Sites\highway-robbery\public_html\Copy of documents\_vti_cnf\12-15-03_Order_.pdf <-- Highway Robbery /public_html/Copy of documents/_vti_cnf 12-15-03_Order_.pdf
2008.02.14 09:52 B C:\Documents and Settings\jreimann\Desktop\EJ-JumpDomain Sites\highway-robbery\public_html\Copy of documents\_vti_cnf\12-20-05_Letter_to_Jensen.pdf <-- Highway Robbery /public_html/Copy of documents/_vti_cnf 12-20-05_Letter_to_Jensen.pdf
2008.02.14 09:52 B C:\Documents and Settings\jreimann\Desktop\EJ-JumpDomain Sites\highway-robbery\public_html\Copy of documents\_vti_cnf\12-27-03 Sierra Times_Pac Legal Takes Pilgrim case to Ninth.pdf <-- Highway Robbery /public_html/Copy of documents/_vti_cnf 12-27-03 Sierra Times_Pac Legal Takes Pilgrim case to Ninth.pdf
2008.02.14 09:52 B C:\Documents and Settings\jreimann\Desktop\EJ-JumpDomain Sites\highway-robbery\public_html\Copy of documents\_vti_cnf\12-31-03_Workman.pdf <-- Highway Robbery /public_html/Copy of documents/_vti_cnf 12-31-03_Workman.pdf
2008.02.14 09:52 B C:\Documents and Settings\jreimann\Desktop\EJ-JumpDomain Sites\highway-robbery\public_html\Copy of documents\_vti_cnf\12-5-03_Lieberman.pdf <-- Highway Robbery /public_html/Copy of documents/_vti_cnf 12-5-03_Lieberman.pdf
2008.02.14 09:52 B C:\Documents and Settings\jreimann\Desktop\EJ-JumpDomain Sites\highway-robbery\public_html\Copy of documents\_vti_cnf\12-7-88_memo_from_Assist._Sec._of_Fish_and_Wildlife_to_Secretary_of_Interior.pdf <-- Highway Robbery /public_html/Copy of documents/_vti_cnf 12-7-88_memo_from_Assist._Sec._of_Fish_and_Wildlife_to_Secretary_of_Interior.pdf
2008.02.14 09:52 B C:\Documents and Settings\jreimann\Desktop\EJ-JumpDomain Sites\highway-robbery\public_html\Copy of documents\_vti_cnf\16_Surprise_Canyon_Scoping_Comments.pdf <-- Highway Robbery /public_html/Copy of documents/_vti_cnf 16_Surprise_Canyon_Scoping_Comments.pdf
2008.02.14 09:52 B C:\Documents and Settings\jreimann\Desktop\EJ-JumpDomain Sites\highway-robbery\public_html\Copy of documents\_vti_cnf\1995_NPS_memo.pdf <-- Highway Robbery /public_html/Copy of documents/_vti_cnf 1995_NPS_memo.pdf
2008.02.14 09:52 B C:\Documents and Settings\jreimann\Desktop\EJ-JumpDomain Sites\highway-robbery\public_html\Copy of documents\_vti_cnf\1995_Refuge_Memo.pdf <-- Highway Robbery /public_html/Copy of documents/_vti_cnf 1995_Refuge_Memo.pdf
2008.02.14 09:52 B C:\Documents and Settings\jreimann\Desktop\EJ-JumpDomain Sites\highway-robbery\public_html\Copy of documents\_vti_cnf\1997_Babbitt_Bill.pdf <-- Highway Robbery /public_html/Copy of documents/_vti_cnf 1997_Babbitt_Bill.pdf
2008.02.14 09:52 B C:\Documents and Settings\jreimann\Desktop\EJ-JumpDomain Sites\highway-robbery\public_html\Copy of documents\_vti_cnf\2-1-2006_letter_to_Gale_Norton_from_Mark_Udall.pdf <-- Highway Robbery /public_html/Copy of documents/_vti_cnf 2-1-2006_letter_to_Gale_Norton_from_Mark_Udall.pdf
2008.02.14 09:52 B C:\Documents and Settings\jreimann\Desktop\EJ-JumpDomain Sites\highway-robbery\public_html\Copy of documents\_vti_cnf\2005-04-26_Wisely_letter_to_Kane_County.pdf <-- Highway Robbery /public_html/Copy of documents/_vti_cnf 2005-04-26_Wisely_letter_to_Kane_County.pdf
2008.02.14 09:52 B C:\Documents and Settings\jreimann\Desktop\EJ-JumpDomain Sites\highway-robbery\public_html\Copy of documents\_vti_cnf\2005-09-14_SUN_News.pdf <-- Highway Robbery /public_html/Copy of documents/_vti_cnf 2005-09-14_SUN_News.pdf
2008.02.14 09:52 B C:\Documents and Settings\jreimann\Desktop\EJ-JumpDomain Sites\highway-robbery\public_html\Copy of documents\_vti_cnf\2005-12-14_SLTrib_Kane_Mutiny.pdf <-- Highway Robbery /public_html/Copy of documents/_vti_cnf 2005-12-14_SLTrib_Kane_Mutiny.pdf
2008.02.14 09:52 B C:\Documents and Settings\jreimann\Desktop\EJ-JumpDomain Sites\highway-robbery\public_html\Copy of documents\_vti_cnf\2005-12-27-05_SLTRib_Editorial.pdf <-- Highway Robbery /public_html/Copy of documents/_vti_cnf 2005-12-27-05_SLTRib_Editorial.pdf
2008.02.14 09:52 B C:\Documents and Settings\jreimann\Desktop\EJ-JumpDomain Sites\highway-robbery\public_html\Copy of documents\_vti_cnf\2006-01-08-SLTrib-KaneCoOp-ed.pdf <-- Highway Robbery /public_html/Copy of documents/_vti_cnf 2006-01-08-SLTrib-KaneCoOp-ed.pdf
2008.02.14 09:52 B C:\Documents and Settings\jreimann\Desktop\EJ-JumpDomain Sites\highway-robbery\public_html\Copy of documents\_vti_cnf\2006-01-09-SLTrib-SUWAltr.pdf <-- Highway Robbery /public_html/Copy of documents/_vti_cnf 2006-01-09-SLTrib-SUWAltr.pdf
2008.02.14 09:52 B C:\Documents and Settings\jreimann\Desktop\EJ-JumpDomain Sites\highway-robbery\public_html\Copy of documents\_vti_cnf\2006-04-26_SL_Trib_on_Senate_letter.pdf <-- Highway Robbery /public_html/Copy of documents/_vti_cnf 2006-04-26_SL_Trib_on_Senate_letter.pdf
2008.02.14 09:52 B C:\Documents and Settings\jreimann\Desktop\EJ-JumpDomain Sites\highway-robbery\public_html\Copy of documents\_vti_cnf\2006-04-28_SL_Trib_Editorial.pdf <-- Highway Robbery /public_html/Copy of documents/_vti_cnf 2006-04-28_SL_Trib_Editorial.pdf
2008.02.14 09:52 B C:\Documents and Settings\jreimann\Desktop\EJ-JumpDomain Sites\highway-robbery\public_html\Copy of documents\_vti_cnf\2006-06-01_Blue Ribbon_Story.pdf <-- Highway Robbery /public_html/Copy of documents/_vti_cnf 2006-06-01_Blue Ribbon_Story.pdf
2008.02.14 09:52 B C:\Documents and Settings\jreimann\Desktop\EJ-JumpDomain Sites\highway-robbery\public_html\Copy of documents\_vti_cnf\2006-06-01_Blue_Ribbon_Commentary.pdf <-- Highway Robbery /public_html/Copy of documents/_vti_cnf 2006-06-01_Blue_Ribbon_Commentary.pdf
2008.02.14 09:52 B C:\Documents and Settings\jreimann\Desktop\EJ-JumpDomain Sites\highway-robbery\public_html\Copy of documents\_vti_cnf\2006-06-14_AP_hearing.pdf <-- Highway Robbery /public_html/Copy of documents/_vti_cnf 2006-06-14_AP_hearing.pdf
2008.02.14 09:52 B C:\Documents and Settings\jreimann\Desktop\EJ-JumpDomain Sites\highway-robbery\public_html\Copy of documents\_vti_cnf\2006-06-14_SLTrib_hearing.pdf <-- Highway Robbery /public_html/Copy of documents/_vti_cnf 2006-06-14_SLTrib_hearing.pdf
2008.02.14 09:52 B C:\Documents and Settings\jreimann\Desktop\EJ-JumpDomain Sites\highway-robbery\public_html\Copy of documents\_vti_cnf\2006-12-13_SLTrib.pdf <-- Highway Robbery /public_html/Copy of documents/_vti_cnf 2006-12-13_SLTrib.pdf
